d:\internalbase\bin\int\release\internal-base-dx11\internal-base-dx11.pch
d:\internalbase\bin\int\release\internal-base-dx11\vc143.pdb
d:\internalbase\bin\int\release\internal-base-dx11\common.obj
d:\internalbase\bin\int\release\internal-base-dx11\hooking.obj
d:\internalbase\bin\int\release\internal-base-dx11\fiber_pool.obj
d:\internalbase\bin\int\release\internal-base-dx11\gui.obj
d:\internalbase\bin\int\release\internal-base-dx11\detour_hook.obj
d:\internalbase\bin\int\release\internal-base-dx11\swapchain_hook.obj
d:\internalbase\bin\int\release\internal-base-dx11\xiao_wei.obj
d:\internalbase\bin\int\release\internal-base-dx11\rubik.obj
d:\internalbase\bin\int\release\internal-base-dx11\vmt_hook.obj
d:\internalbase\bin\int\release\internal-base-dx11\script.obj
d:\internalbase\bin\int\release\internal-base-dx11\main.obj
d:\internalbase\bin\int\release\internal-base-dx11\player_stats.obj
d:\internalbase\bin\int\release\internal-base-dx11\pattern_batch.obj
d:\internalbase\bin\int\release\internal-base-dx11\thread_pool.obj
d:\internalbase\bin\int\release\internal-base-dx11\pattern.obj
d:\internalbase\bin\int\release\internal-base-dx11\module.obj
d:\internalbase\bin\int\release\internal-base-dx11\setting_menu.obj
d:\internalbase\bin\int\release\internal-base-dx11\player_menu.obj
d:\internalbase\bin\int\release\internal-base-dx11\script_mgr.obj
d:\internalbase\bin\int\release\internal-base-dx11\pointers.obj
d:\internalbase\bin\int\release\internal-base-dx11\renderer.obj
d:\internalbase\bin\int\release\internal-base-dx11\range.obj
d:\internalbase\bin\release\internal-base-dx11.dll
d:\internalbase\bin\int\release\internal-base-dx11\internal-base-dx11.ipdb
d:\internalbase\bin\release\internal-base-dx11.pdb
d:\internalbase\bin\int\release\internal-base-dx11\internal-base-dx11.iobj
d:\internalbase\bin\release\internal-base-dx11.map
d:\internalbase\bin\int\release\internal-base-dx11\internal.d5693ab5.tlog\cl.command.1.tlog
d:\internalbase\bin\int\release\internal-base-dx11\internal.d5693ab5.tlog\cl.read.1.tlog
d:\internalbase\bin\int\release\internal-base-dx11\internal.d5693ab5.tlog\cl.write.1.tlog
d:\internalbase\bin\int\release\internal-base-dx11\internal.d5693ab5.tlog\link.command.1.tlog
d:\internalbase\bin\int\release\internal-base-dx11\internal.d5693ab5.tlog\link.read.1.tlog
d:\internalbase\bin\int\release\internal-base-dx11\internal.d5693ab5.tlog\link.write.1.tlog
