d:\internalbase\bin\int\release\internal-base-dx9\internal-base-dx9.pch
d:\internalbase\bin\int\release\internal-base-dx9\vc143.pdb
d:\internalbase\bin\int\release\internal-base-dx9\common.obj
d:\internalbase\bin\int\release\internal-base-dx9\fiber_pool.obj
d:\internalbase\bin\int\release\internal-base-dx9\pattern.obj
d:\internalbase\bin\int\release\internal-base-dx9\renderer.obj
d:\internalbase\bin\int\release\internal-base-dx9\setting_menu.obj
d:\internalbase\bin\int\release\internal-base-dx9\script.obj
d:\internalbase\bin\int\release\internal-base-dx9\range.obj
d:\internalbase\bin\int\release\internal-base-dx9\gui.obj
d:\internalbase\bin\int\release\internal-base-dx9\detour_hook.obj
d:\internalbase\bin\int\release\internal-base-dx9\main.obj
d:\internalbase\bin\int\release\internal-base-dx9\pattern_batch.obj
d:\internalbase\bin\int\release\internal-base-dx9\device_hook.obj
d:\internalbase\bin\int\release\internal-base-dx9\script_mgr.obj
d:\internalbase\bin\int\release\internal-base-dx9\xiao_wei.obj
d:\internalbase\bin\int\release\internal-base-dx9\player_stats.obj
d:\internalbase\bin\int\release\internal-base-dx9\thread_pool.obj
d:\internalbase\bin\int\release\internal-base-dx9\pointers.obj
d:\internalbase\bin\int\release\internal-base-dx9\player_menu.obj
d:\internalbase\bin\int\release\internal-base-dx9\vmt_hook.obj
d:\internalbase\bin\int\release\internal-base-dx9\rubik.obj
d:\internalbase\bin\int\release\internal-base-dx9\hooking.obj
d:\internalbase\bin\int\release\internal-base-dx9\module.obj
d:\internalbase\bin\release\internal-base-dx9.dll
d:\internalbase\bin\int\release\internal-base-dx9\internal-base-dx9.ipdb
d:\internalbase\bin\release\internal-base-dx9.pdb
d:\internalbase\bin\int\release\internal-base-dx9\internal-base-dx9.iobj
d:\internalbase\bin\release\internal-base-dx9.map
d:\internalbase\bin\int\release\internal-base-dx9\internal.2cc50115.tlog\cl.command.1.tlog
d:\internalbase\bin\int\release\internal-base-dx9\internal.2cc50115.tlog\cl.read.1.tlog
d:\internalbase\bin\int\release\internal-base-dx9\internal.2cc50115.tlog\cl.write.1.tlog
d:\internalbase\bin\int\release\internal-base-dx9\internal.2cc50115.tlog\link.command.1.tlog
d:\internalbase\bin\int\release\internal-base-dx9\internal.2cc50115.tlog\link.read.1.tlog
d:\internalbase\bin\int\release\internal-base-dx9\internal.2cc50115.tlog\link.write.1.tlog
